<?xml version="1.0" encoding="UTF-8"?>
<!-- Generated by org.testng.reporters.JUnitReportReporter -->
<testsuite hostname="DESKTOP-3NRNP42" failures="0" tests="2" name="tutorial1.Demo2" time="5.046" errors="0" timestamp="2022-09-22T19:49:25 IST" skipped="0">
  <testcase classname="tutorial1.Demo2" name="xyz" time="1.743"/>
  <system-out/>
  <testcase classname="tutorial1.Demo2" name="abc" time="3.303"/>
  <system-out/>
</testsuite> <!-- tutorial1.Demo2 -->
