<?xml version="1.0" encoding="UTF-8"?>
<!-- Generated by org.testng.reporters.JUnitReportReporter -->
<testsuite hostname="DESKTOP-3NRNP42" failures="0" tests="2" name="tutorial1.Demo1" time="4.759" errors="0" timestamp="2022-09-12T20:10:25 IST" skipped="0">
  <testcase classname="tutorial1.Demo1" name="abc" time="2.877"/>
  <system-out/>
  <testcase classname="tutorial1.Demo1" name="xyz" time="1.882"/>
  <system-out/>
</testsuite> <!-- tutorial1.Demo1 -->
