<?xml version="1.0" encoding="UTF-8"?>
<!-- Generated by org.testng.reporters.JUnitReportReporter -->
<testsuite hostname="DESKTOP-3NRNP42" failures="0" tests="2" name="tutorial1.Demo1" time="7.525" errors="0" timestamp="2022-09-22T19:15:35 IST" skipped="0">
  <testcase classname="tutorial1.Demo1" name="xyz" time="2.253"/>
  <system-out/>
  <testcase classname="tutorial1.Demo1" name="abc" time="5.272"/>
  <system-out/>
</testsuite> <!-- tutorial1.Demo1 -->
